\BOOKMARK [0][-]{chapter.0}{abstract}{}% 1
\BOOKMARK [0][-]{chapter.1}{Introduction}{}% 2
\BOOKMARK [1][-]{section.1.1}{Intro}{chapter.1}% 3
\BOOKMARK [1][-]{section.1.2}{Purpose statement}{chapter.1}% 4
\BOOKMARK [1][-]{section.1.3}{Methods}{chapter.1}% 5
\BOOKMARK [0][-]{chapter.2}{Top level requirements}{}% 6
\BOOKMARK [0][-]{chapter.3}{Progress}{}% 7
\BOOKMARK [1][-]{section.3.1}{Data Description}{chapter.3}% 8
\BOOKMARK [1][-]{section.3.2}{Movement between buildings}{chapter.3}% 9
\BOOKMARK [2][-]{subsection.3.2.1}{Graphical User Interface}{section.3.2}% 10
\BOOKMARK [2][-]{subsection.3.2.2}{Bar chart}{section.3.2}% 11
\BOOKMARK [2][-]{subsection.3.2.3}{Maps}{section.3.2}% 12
\BOOKMARK [1][-]{section.3.3}{Sequences}{chapter.3}% 13
\BOOKMARK [2][-]{subsection.3.3.1}{introduction}{section.3.3}% 14
\BOOKMARK [2][-]{subsection.3.3.2}{Association rules mining}{section.3.3}% 15
\BOOKMARK [1][-]{section.3.4}{Pre-Processing}{chapter.3}% 16
\BOOKMARK [1][-]{section.3.5}{Entrances}{chapter.3}% 17
\BOOKMARK [1][-]{section.3.6}{Static and mobile devices}{chapter.3}% 18
\BOOKMARK [0][-]{chapter.4}{Conclusion}{}% 19
\BOOKMARK [1][-]{section.4.1}{Document Structure}{chapter.4}% 20
\BOOKMARK [1][-]{section.4.2}{Cover and Title Page}{chapter.4}% 21
\BOOKMARK [1][-]{section.4.3}{Chapters}{chapter.4}% 22
\BOOKMARK [1][-]{section.4.4}{\134section\173\203\175}{chapter.4}% 23
\BOOKMARK [2][-]{subsection.4.4.1}{\134subsection\173\203\175}{section.4.4}% 24
\BOOKMARK [1][-]{section.4.5}{Fonts and Colors}{chapter.4}% 25
\BOOKMARK [0][-]{chapter.5}{Recommendations}{}% 26
\BOOKMARK [1][-]{section.5.1}{Document Structure}{chapter.5}% 27
\BOOKMARK [1][-]{section.5.2}{Cover and Title Page}{chapter.5}% 28
\BOOKMARK [1][-]{section.5.3}{Chapters}{chapter.5}% 29
\BOOKMARK [1][-]{section.5.4}{\134section\173\203\175}{chapter.5}% 30
\BOOKMARK [2][-]{subsection.5.4.1}{\134subsection\173\203\175}{section.5.4}% 31
\BOOKMARK [1][-]{section.5.5}{Fonts and Colors}{chapter.5}% 32
