\BOOKMARK [0][-]{chapter.1}{Preface}{}% 1
\BOOKMARK [0][-]{chapter.2}{Glossary}{}% 2
\BOOKMARK [0][-]{chapter.3}{Executive Summary}{}% 3
\BOOKMARK [0][-]{chapter.4}{Introduction}{}% 4
\BOOKMARK [1][-]{section.4.1}{Intro}{chapter.4}% 5
\BOOKMARK [1][-]{section.4.2}{Purpose statement}{chapter.4}% 6
\BOOKMARK [1][-]{section.4.3}{Methods}{chapter.4}% 7
\BOOKMARK [1][-]{section.4.4}{Top level requirements}{chapter.4}% 8
\BOOKMARK [1][-]{section.4.5}{Reading guide}{chapter.4}% 9
\BOOKMARK [0][-]{chapter.5}{Context}{}% 10
\BOOKMARK [1][-]{section.5.1}{Use case: TU Delft \(working title\)}{chapter.5}% 11
\BOOKMARK [1][-]{section.5.2}{Previous research: Rhythm of the campus}{chapter.5}% 12
\BOOKMARK [1][-]{section.5.3}{Privacy}{chapter.5}% 13
\BOOKMARK [1][-]{section.5.4}{Data validity and accuracy}{chapter.5}% 14
\BOOKMARK [1][-]{section.5.5}{Representativeness}{chapter.5}% 15
\BOOKMARK [1][-]{section.5.6}{Data description and System of APs}{chapter.5}% 16
\BOOKMARK [0][-]{chapter.6}{Movement patterns}{}% 17
\BOOKMARK [1][-]{section.6.1}{Introduction}{chapter.6}% 18
\BOOKMARK [1][-]{section.6.2}{Movement Identification}{chapter.6}% 19
\BOOKMARK [2][-]{subsection.6.2.1}{Spatio-temporal movement patterns}{section.6.2}% 20
\BOOKMARK [2][-]{subsection.6.2.2}{Co-location in space}{section.6.2}% 21
\BOOKMARK [0][-]{chapter.7}{Methodology}{}% 22
\BOOKMARK [0][-]{chapter.8}{Preprocessing}{}% 23
\BOOKMARK [1][-]{section.8.1}{General filtering}{chapter.8}% 24
\BOOKMARK [1][-]{section.8.2}{Filling}{chapter.8}% 25
\BOOKMARK [1][-]{section.8.3}{Grouping}{chapter.8}% 26
\BOOKMARK [1][-]{section.8.4}{Filtering}{chapter.8}% 27
\BOOKMARK [1][-]{section.8.5}{Implementation}{chapter.8}% 28
\BOOKMARK [1][-]{section.8.6}{Apname vs maploc}{chapter.8}% 29
\BOOKMARK [1][-]{section.8.7}{Static and mobile devices}{chapter.8}% 30
\BOOKMARK [0][-]{chapter.9}{Spatio-temperal movement patterns}{}% 31
\BOOKMARK [1][-]{subsection.9.0.1}{Create movement records}{chapter.9}% 32
\BOOKMARK [2][-]{subsection.9.0.2}{Movement over time}{subsection.9.0.1}% 33
\BOOKMARK [2][-]{subsection.9.0.3}{Graphical User Interface}{subsection.9.0.1}% 34
\BOOKMARK [2][-]{subsection.9.0.4}{Maps}{subsection.9.0.1}% 35
\BOOKMARK [1][-]{section.9.1}{Introduction}{chapter.9}% 36
\BOOKMARK [1][-]{section.9.2}{Theory / methods}{chapter.9}% 37
\BOOKMARK [1][-]{section.9.3}{Implementation}{chapter.9}% 38
\BOOKMARK [1][-]{section.9.4}{Results}{chapter.9}% 39
\BOOKMARK [2][-]{subsection.9.4.1}{Movement to the Aula on weekdays}{section.9.4}% 40
\BOOKMARK [2][-]{subsection.9.4.2}{Movement on weekdays vs. weekends}{section.9.4}% 41
\BOOKMARK [2][-]{subsection.9.4.3}{Architecture as an island}{section.9.4}% 42
\BOOKMARK [2][-]{subsection.9.4.4}{Movement from and to the campus}{section.9.4}% 43
\BOOKMARK [0][-]{chapter.10}{Trajectory patterns}{}% 44
\BOOKMARK [1][-]{section.10.1}{Introduction}{chapter.10}% 45
\BOOKMARK [1][-]{section.10.2}{Theory / methods}{chapter.10}% 46
\BOOKMARK [1][-]{section.10.3}{Implementation}{chapter.10}% 47
\BOOKMARK [1][-]{section.10.4}{Results}{chapter.10}% 48
\BOOKMARK [2][-]{subsection.10.4.1}{Location extraction}{section.10.4}% 49
\BOOKMARK [2][-]{subsection.10.4.2}{Individual trajectory}{section.10.4}% 50
\BOOKMARK [2][-]{subsection.10.4.3}{Trajectory Pattern}{section.10.4}% 51
\BOOKMARK [0][-]{chapter.11}{Indoor spatio-temporal movement patterns}{}% 52
\BOOKMARK [1][-]{section.11.1}{Introduction}{chapter.11}% 53
\BOOKMARK [1][-]{section.11.2}{Theory / methods}{chapter.11}% 54
\BOOKMARK [1][-]{section.11.3}{Implementation}{chapter.11}% 55
\BOOKMARK [1][-]{section.11.4}{Results}{chapter.11}% 56
\BOOKMARK [0][-]{chapter.12}{Conclusions}{}% 57
\BOOKMARK [0][-]{chapter.13}{Recommendations}{}% 58
\BOOKMARK [1][-]{section.13.1}{Entrances and exits}{chapter.13}% 59
\BOOKMARK [2][-]{subsection.13.1.1}{First approach:including devices passing by}{section.13.1}% 60
\BOOKMARK [2][-]{subsection.13.1.2}{Second approach:excluding devices passing by}{section.13.1}% 61
\BOOKMARK [2][-]{subsection.13.1.3}{Frequency of entrance and exit access points}{section.13.1}% 62
\BOOKMARK [1][-]{section.13.2}{Association rules}{chapter.13}% 63
\BOOKMARK [1][-]{section.13.3}{Distinguishing user groups}{chapter.13}% 64
\BOOKMARK [1][-]{section.13.4}{Occupancy}{chapter.13}% 65
\BOOKMARK [1][-]{section.13.5}{AP system}{chapter.13}% 66
\BOOKMARK [1][-]{section.13.6}{Data reasoning}{chapter.13}% 67
\BOOKMARK [1][-]{section.13.7}{Visual exploration}{chapter.13}% 68
\BOOKMARK [0][-]{chapter.14}{Acknowledgements}{}% 69
\BOOKMARK [0][-]{chapter.15}{Appendix A}{}% 70
